<?xml version="1.0" encoding="UTF-8"?>
<testsuite name="qa.wolt.maintenance.PurchaseDemo" tests="3" skipped="0" failures="0" errors="0" timestamp="2022-06-29T22:57:03" hostname="wolt" time="20.051">
  <properties/>
  <testcase name="Make Homedelivery Purchase()" classname="qa.wolt.maintenance.PurchaseDemo" time="12.101"/>
  <testcase name="Make Homedelivery Cash Purchase()" classname="qa.wolt.maintenance.PurchaseDemo" time="4.271"/>
  <testcase name="Make Takeaway Purchase()" classname="qa.wolt.maintenance.PurchaseDemo" time="3.659"/>
  <system-out><![CDATA[?[1m INFO?[m ?[0m01:57:003?[m [inPool-1-worker-3] ?[32m[Make Homedelivery Purchase]?[m  ?[0mGet default card payment method of user User(kost+MLT_2706U_6Ze3VloFU@wolt.com)
?[m?[1m INFO?[m ?[0m01:57:003?[m [inPool-1-worker-3] ?[32m[Make Homedelivery Purchase]?[m  ?[0mGet payment methods of user User(kost+MLT_2706U_6Ze3VloFU@wolt.com)
?[m?[1m INFO?[m ?[0m01:57:004?[m [inPool-1-worker-3] ?[32m[Make Homedelivery Purchase]?[m  ?[0m  -> POST https://wolt-authentication.development.dev.woltapi.com/v1/wauth2/access_token
?[m?[1m INFO?[m ?[0m01:57:005?[m [inPool-1-worker-3] ?[32m[Make Homedelivery Purchase]?[m  ?[0m  <- 200  POST https://wolt-authentication.development.dev.woltapi.com/v1/wauth2/access_token (1505ms -1-byte body)
?[m?[1m INFO?[m ?[0m01:57:005?[m [inPool-1-worker-3] ?[32m[Make Homedelivery Purchase]?[m  ?[0m  -> GET https://restaurant-api.development.dev.woltapi.com/v3/user/me/payment_methods
?[m?[1m INFO?[m ?[0m01:57:005?[m [inPool-1-worker-3] ?[32m[Make Homedelivery Purchase]?[m  ?[0m  <- 200  GET https://restaurant-api.development.dev.woltapi.com/v3/user/me/payment_methods (352ms -1-byte body)
?[m?[1m INFO?[m ?[0m01:57:005?[m [inPool-1-worker-3] ?[32m[Make Homedelivery Purchase]?[m  ?[0mMake homedelivery purchase from venue 62b99324a1760b00e0157116. Paying with card
?[m?[1m INFO?[m ?[0m01:57:005?[m [er-3 @coroutine#2] ?[32m[Make Homedelivery Purchase]?[m  ?[0mgetDeliveryId
?[m?[1m INFO?[m ?[0m01:57:005?[m [er-3 @coroutine#2] ?[32m[Make Homedelivery Purchase]?[m  ?[0m  -> GET https://restaurant-api.development.dev.woltapi.com/v2/delivery/info
?[m?[1m INFO?[m ?[0m01:57:005?[m [er-2 @coroutine#3] ?[32m[Make Homedelivery Purchase]?[m  ?[0mGet venue 62b99324a1760b00e0157116 menu items
?[m?[1m INFO?[m ?[0m01:57:005?[m [er-2 @coroutine#3] ?[32m[Make Homedelivery Purchase]?[m  ?[0m  -> GET https://restaurant-api.development.dev.woltapi.com/v4/venues/62b99324a1760b00e0157116/menu
?[m?[1m INFO?[m ?[0m01:57:006?[m [er-3 @coroutine#2] ?[32m[Make Homedelivery Purchase]?[m  ?[0m  <- 200  GET https://restaurant-api.development.dev.woltapi.com/v2/delivery/info (232ms -1-byte body)
?[m?[1m INFO?[m ?[0m01:57:006?[m [er-2 @coroutine#3] ?[32m[Make Homedelivery Purchase]?[m  ?[0m  <- 200  GET https://restaurant-api.development.dev.woltapi.com/v4/venues/62b99324a1760b00e0157116/menu (220ms -1-byte body)
?[m?[1m INFO?[m ?[0m01:57:006?[m [inPool-1-worker-3] ?[32m[Make Homedelivery Purchase]?[m  ?[0m  -> POST https://restaurant-api.development.dev.woltapi.com/v2/purchases
?[m?[1m INFO?[m ?[0m01:57:007?[m [inPool-1-worker-3] ?[32m[Make Homedelivery Purchase]?[m  ?[0m  <- 200  POST https://restaurant-api.development.dev.woltapi.com/v2/purchases (1484ms -1-byte body)
?[m?[1m INFO?[m ?[0m01:57:007?[m [inPool-1-worker-3] ?[32m[Make Homedelivery Purchase]?[m  ?[0mMark purchase 'ready' 62bcd8c258ce7d53b69d6640
?[m?[1m INFO?[m ?[0m01:57:007?[m [inPool-1-worker-3] ?[32m[Make Homedelivery Purchase]?[m  ?[0mSet purchase 62bcd8c258ce7d53b69d6640 status to production
?[m?[1m INFO?[m ?[0m01:57:007?[m [inPool-1-worker-3] ?[32m[Make Homedelivery Purchase]?[m  ?[0m  -> POST https://restaurant-api.development.dev.woltapi.com/v1/opstools/purchases/62bcd8c258ce7d53b69d6640/production
?[m?[1m INFO?[m ?[0m01:57:008?[m [inPool-1-worker-3] ?[32m[Make Homedelivery Purchase]?[m  ?[0m  <- 204  POST https://restaurant-api.development.dev.woltapi.com/v1/opstools/purchases/62bcd8c258ce7d53b69d6640/production (580ms -1-byte body)
?[m?[1m INFO?[m ?[0m01:57:008?[m [inPool-1-worker-3] ?[32m[Make Homedelivery Purchase]?[m  ?[0mSet purchase 62bcd8c258ce7d53b69d6640 status to ready
?[m?[1m INFO?[m ?[0m01:57:008?[m [inPool-1-worker-3] ?[32m[Make Homedelivery Purchase]?[m  ?[0m  -> POST https://restaurant-api.development.dev.woltapi.com/v1/opstools/purchases/62bcd8c258ce7d53b69d6640/ready
?[m?[1m INFO?[m ?[0m01:57:008?[m [inPool-1-worker-3] ?[32m[Make Homedelivery Purchase]?[m  ?[0m  <- 204  POST https://restaurant-api.development.dev.woltapi.com/v1/opstools/purchases/62bcd8c258ce7d53b69d6640/ready (296ms -1-byte body)
?[m?[1m INFO?[m ?[0m01:57:008?[m [inPool-1-worker-3] ?[32m[Make Homedelivery Purchase]?[m  ?[0mPurchase ready! https://ops-tools.development.dev.woltapi.com/purchases/62bcd8c258ce7d53b69d6640
?[m?[1m INFO?[m ?[0m01:57:008?[m [inPool-1-worker-3] ?[32m[Make Homedelivery Purchase]?[m  ?[0mgoOnDuty
?[m?[1m INFO?[m ?[0m01:57:008?[m [inPool-1-worker-3] ?[32m[Make Homedelivery Purchase]?[m  ?[0m  -> POST https://wolt-authentication.development.dev.woltapi.com/v1/wauth2/access_token
?[m?[1m INFO?[m ?[0m01:57:009?[m [inPool-1-worker-3] ?[32m[Make Homedelivery Purchase]?[m  ?[0m  <- 200  POST https://wolt-authentication.development.dev.woltapi.com/v1/wauth2/access_token (1117ms -1-byte body)
?[m?[1m INFO?[m ?[0m01:57:010?[m [inPool-1-worker-3] ?[32m[Make Homedelivery Purchase]?[m  ?[0m  -> PATCH https://courier-api.development.dev.woltapi.com/courier-api/dutylog/onduty
?[m?[1m INFO?[m ?[0m01:57:010?[m [inPool-1-worker-3] ?[32m[Make Homedelivery Purchase]?[m  ?[0m  <- 200  PATCH https://courier-api.development.dev.woltapi.com/courier-api/dutylog/onduty (326ms -1-byte body)
?[m?[1m INFO?[m ?[0m01:57:010?[m [inPool-1-worker-3] ?[32m[Make Homedelivery Purchase]?[m  ?[0mteleport
?[m?[1m INFO?[m ?[0m01:57:010?[m [inPool-1-worker-3] ?[32m[Make Homedelivery Purchase]?[m  ?[0m  -> POST https://courier-api.development.dev.woltapi.com/courier-api/location/update/batch
?[m?[1m INFO?[m ?[0m01:57:010?[m [inPool-1-worker-3] ?[32m[Make Homedelivery Purchase]?[m  ?[0m  <- 200  POST https://courier-api.development.dev.woltapi.com/courier-api/location/update/batch (220ms -1-byte body)
?[m?[1m INFO?[m ?[0m01:57:010?[m [inPool-1-worker-3] ?[32m[Make Homedelivery Purchase]?[m  ?[0mDeliver tasks for purchase 62bcd8c258ce7d53b69d6640
?[m?[1m INFO?[m ?[0m01:57:010?[m [inPool-1-worker-3] ?[32m[Make Homedelivery Purchase]?[m  ?[0mdeliverHangingTasksIfAny
?[m?[1m INFO?[m ?[0m01:57:010?[m [inPool-1-worker-3] ?[32m[Make Homedelivery Purchase]?[m  ?[0mgetOngoingTasks
?[m?[1m INFO?[m ?[0m01:57:010?[m [inPool-1-worker-3] ?[32m[Make Homedelivery Purchase]?[m  ?[0m  -> GET https://courier-api.development.dev.woltapi.com/courier-api/poll
?[m?[1m INFO?[m ?[0m01:57:010?[m [inPool-1-worker-3] ?[32m[Make Homedelivery Purchase]?[m  ?[0m  <- 200  GET https://courier-api.development.dev.woltapi.com/courier-api/poll (212ms -1-byte body)
?[m?[33m WARN?[m ?[33m01:57:010?[m [inPool-1-worker-3] ?[32m[Make Homedelivery Purchase]?[m  ?[33mDelivering hanging task 110787
?[m?[1m INFO?[m ?[0m01:57:010?[m [inPool-1-worker-3] ?[32m[Make Homedelivery Purchase]?[m  ?[0mstartTask 110787
?[m?[1m INFO?[m ?[0m01:57:010?[m [inPool-1-worker-3] ?[32m[Make Homedelivery Purchase]?[m  ?[0m  -> PATCH https://courier-api.development.dev.woltapi.com/courier-api/tasks/110787/start
?[m?[1m INFO?[m ?[0m01:57:011?[m [inPool-1-worker-3] ?[32m[Make Homedelivery Purchase]?[m  ?[0m  <- 200  PATCH https://courier-api.development.dev.woltapi.com/courier-api/tasks/110787/start (388ms -1-byte body)
?[m?[1m INFO?[m ?[0m01:57:011?[m [inPool-1-worker-3] ?[32m[Make Homedelivery Purchase]?[m  ?[0mcompleteTask 110787
?[m?[1m INFO?[m ?[0m01:57:011?[m [inPool-1-worker-3] ?[32m[Make Homedelivery Purchase]?[m  ?[0m  -> PUT https://courier-api.development.dev.woltapi.com/courier-api/tasks/110787/complete
?[m?[1m INFO?[m ?[0m01:57:011?[m [inPool-1-worker-3] ?[32m[Make Homedelivery Purchase]?[m  ?[0m  <- 200  PUT https://courier-api.development.dev.woltapi.com/courier-api/tasks/110787/complete (109ms -1-byte body)
?[m?[33m WARN?[m ?[33m01:57:011?[m [inPool-1-worker-3] ?[32m[Make Homedelivery Purchase]?[m  ?[33mDelivering hanging task 110788
?[m?[1m INFO?[m ?[0m01:57:011?[m [inPool-1-worker-3] ?[32m[Make Homedelivery Purchase]?[m  ?[0mstartTask 110788
?[m?[1m INFO?[m ?[0m01:57:011?[m [inPool-1-worker-3] ?[32m[Make Homedelivery Purchase]?[m  ?[0m  -> PATCH https://courier-api.development.dev.woltapi.com/courier-api/tasks/110788/start
?[m?[1m INFO?[m ?[0m01:57:012?[m [inPool-1-worker-3] ?[32m[Make Homedelivery Purchase]?[m  ?[0m  <- 200  PATCH https://courier-api.development.dev.woltapi.com/courier-api/tasks/110788/start (757ms -1-byte body)
?[m?[1m INFO?[m ?[0m01:57:012?[m [inPool-1-worker-3] ?[32m[Make Homedelivery Purchase]?[m  ?[0mcompleteTask 110788
?[m?[1m INFO?[m ?[0m01:57:012?[m [inPool-1-worker-3] ?[32m[Make Homedelivery Purchase]?[m  ?[0m  -> PUT https://courier-api.development.dev.woltapi.com/courier-api/tasks/110788/complete
?[m?[1m INFO?[m ?[0m01:57:012?[m [inPool-1-worker-3] ?[32m[Make Homedelivery Purchase]?[m  ?[0m  <- 200  PUT https://courier-api.development.dev.woltapi.com/courier-api/tasks/110788/complete (174ms -1-byte body)
?[m?[1m INFO?[m ?[0m01:57:012?[m [inPool-1-worker-3] ?[32m[Make Homedelivery Purchase]?[m  ?[0mpollForTasksByPurchaseId
?[m?[1m INFO?[m ?[0m01:57:012?[m [inPool-1-worker-3] ?[32m[Make Homedelivery Purchase]?[m  ?[0mgetTasksByPurchase
?[m?[1m INFO?[m ?[0m01:57:012?[m [inPool-1-worker-3] ?[32m[Make Homedelivery Purchase]?[m  ?[0m  -> POST https://wolt-authentication.development.dev.woltapi.com/v1/wauth2/access_token
?[m?[1m INFO?[m ?[0m01:57:013?[m [inPool-1-worker-3] ?[32m[Make Homedelivery Purchase]?[m  ?[0m  <- 200  POST https://wolt-authentication.development.dev.woltapi.com/v1/wauth2/access_token (1275ms -1-byte body)
?[m?[1m INFO?[m ?[0m01:57:013?[m [inPool-1-worker-3] ?[32m[Make Homedelivery Purchase]?[m  ?[0m  -> GET https://opstools-api.development.dev.woltapi.com/ops-api/task_group/by_purchase_id/62bcd8c258ce7d53b69d6640
?[m?[1m INFO?[m ?[0m01:57:013?[m [inPool-1-worker-3] ?[32m[Make Homedelivery Purchase]?[m  ?[0m  <- 200  GET https://opstools-api.development.dev.woltapi.com/ops-api/task_group/by_purchase_id/62bcd8c258ce7d53b69d6640 (319ms -1-byte body)
?[m?[1m INFO?[m ?[0m01:57:013?[m [inPool-1-worker-3] ?[32m[Make Homedelivery Purchase]?[m  ?[0mDelivering purchase task 110803
?[m?[1m INFO?[m ?[0m01:57:013?[m [inPool-1-worker-3] ?[32m[Make Homedelivery Purchase]?[m  ?[0mstartTask 110803
?[m?[1m INFO?[m ?[0m01:57:013?[m [inPool-1-worker-3] ?[32m[Make Homedelivery Purchase]?[m  ?[0m  -> PATCH https://courier-api.development.dev.woltapi.com/courier-api/tasks/110803/start
?[m?[1m INFO?[m ?[0m01:57:014?[m [inPool-1-worker-3] ?[32m[Make Homedelivery Purchase]?[m  ?[0m  <- 200  PATCH https://courier-api.development.dev.woltapi.com/courier-api/tasks/110803/start (278ms -1-byte body)
?[m?[1m INFO?[m ?[0m01:57:014?[m [inPool-1-worker-3] ?[32m[Make Homedelivery Purchase]?[m  ?[0mcompleteTask 110803
?[m?[1m INFO?[m ?[0m01:57:014?[m [inPool-1-worker-3] ?[32m[Make Homedelivery Purchase]?[m  ?[0m  -> PUT https://courier-api.development.dev.woltapi.com/courier-api/tasks/110803/complete
?[m?[1m INFO?[m ?[0m01:57:014?[m [inPool-1-worker-3] ?[32m[Make Homedelivery Purchase]?[m  ?[0m  <- 200  PUT https://courier-api.development.dev.woltapi.com/courier-api/tasks/110803/complete (191ms -1-byte body)
?[m?[1m INFO?[m ?[0m01:57:014?[m [inPool-1-worker-3] ?[32m[Make Homedelivery Purchase]?[m  ?[0mDelivering purchase task 110804
?[m?[1m INFO?[m ?[0m01:57:014?[m [inPool-1-worker-3] ?[32m[Make Homedelivery Purchase]?[m  ?[0mstartTask 110804
?[m?[1m INFO?[m ?[0m01:57:014?[m [inPool-1-worker-3] ?[32m[Make Homedelivery Purchase]?[m  ?[0m  -> PATCH https://courier-api.development.dev.woltapi.com/courier-api/tasks/110804/start
?[m?[1m INFO?[m ?[0m01:57:014?[m [inPool-1-worker-3] ?[32m[Make Homedelivery Purchase]?[m  ?[0m  <- 200  PATCH https://courier-api.development.dev.woltapi.com/courier-api/tasks/110804/start (508ms -1-byte body)
?[m?[1m INFO?[m ?[0m01:57:014?[m [inPool-1-worker-3] ?[32m[Make Homedelivery Purchase]?[m  ?[0mcompleteTask 110804
?[m?[1m INFO?[m ?[0m01:57:014?[m [inPool-1-worker-3] ?[32m[Make Homedelivery Purchase]?[m  ?[0m  -> PUT https://courier-api.development.dev.woltapi.com/courier-api/tasks/110804/complete
?[m?[1m INFO?[m ?[0m01:57:015?[m [inPool-1-worker-3] ?[32m[Make Homedelivery Purchase]?[m  ?[0m  <- 200  PUT https://courier-api.development.dev.woltapi.com/courier-api/tasks/110804/complete (301ms -1-byte body)
?[m?[1m INFO?[m ?[0m01:57:015?[m [inPool-1-worker-3] ?[32m[Make Homedelivery Purchase]?[m  ?[0mPurchase delivered! https://ops-tools.development.dev.woltapi.com/purchases/62bcd8c258ce7d53b69d6640
?[m?[1m INFO?[m ?[0m01:57:015?[m [inPool-1-worker-3] ?[32m[Make Homedelivery Cash Purchase]?[m  ?[0mMake homedelivery purchase from venue 62b99324a1760b00e0157116. Paying with cash
?[m?[1m INFO?[m ?[0m01:57:015?[m [inPool-1-worker-3] ?[32m[Make Homedelivery Cash Purchase]?[m  ?[0mfinishActiveCashPurchasesIfAny
?[m?[1m INFO?[m ?[0m01:57:015?[m [inPool-1-worker-3] ?[32m[Make Homedelivery Cash Purchase]?[m  ?[0msearchActiveCashPurchases
?[m?[1m INFO?[m ?[0m01:57:015?[m [inPool-1-worker-3] ?[32m[Make Homedelivery Cash Purchase]?[m  ?[0m  -> POST https://restaurant-api.development.dev.woltapi.com/v1/opstools/purchases/search
?[m?[1m INFO?[m ?[0m01:57:015?[m [inPool-1-worker-3] ?[32m[Make Homedelivery Cash Purchase]?[m  ?[0m  <- 200  POST https://restaurant-api.development.dev.woltapi.com/v1/opstools/purchases/search (385ms 152-byte body)
?[m?[1m INFO?[m ?[0m01:57:015?[m [er-2 @coroutine#5] ?[32m[Make Homedelivery Purchase]?[m  ?[0mgetDeliveryId
?[m?[1m INFO?[m ?[0m01:57:015?[m [er-3 @coroutine#6] ?[32m[Make Homedelivery Purchase]?[m  ?[0mGet venue 62b99324a1760b00e0157116 menu items
?[m?[1m INFO?[m ?[0m01:57:015?[m [er-3 @coroutine#6] ?[32m[Make Homedelivery Purchase]?[m  ?[0m  -> GET https://restaurant-api.development.dev.woltapi.com/v4/venues/62b99324a1760b00e0157116/menu
?[m?[1m INFO?[m ?[0m01:57:015?[m [er-2 @coroutine#5] ?[32m[Make Homedelivery Purchase]?[m  ?[0m  -> GET https://restaurant-api.development.dev.woltapi.com/v2/delivery/info
?[m?[1m INFO?[m ?[0m01:57:015?[m [er-2 @coroutine#5] ?[32m[Make Homedelivery Purchase]?[m  ?[0m  <- 200  GET https://restaurant-api.development.dev.woltapi.com/v2/delivery/info (186ms -1-byte body)
?[m?[1m INFO?[m ?[0m01:57:015?[m [er-3 @coroutine#6] ?[32m[Make Homedelivery Purchase]?[m  ?[0m  <- 200  GET https://restaurant-api.development.dev.woltapi.com/v4/venues/62b99324a1760b00e0157116/menu (222ms -1-byte body)
?[m?[1m INFO?[m ?[0m01:57:015?[m [inPool-1-worker-3] ?[32m[Make Homedelivery Cash Purchase]?[m  ?[0m  -> POST https://restaurant-api.development.dev.woltapi.com/v2/purchases
?[m?[1m INFO?[m ?[0m01:57:017?[m [inPool-1-worker-3] ?[32m[Make Homedelivery Cash Purchase]?[m  ?[0m  <- 200  POST https://restaurant-api.development.dev.woltapi.com/v2/purchases (1168ms -1-byte body)
?[m?[1m INFO?[m ?[0m01:57:017?[m [inPool-1-worker-3] ?[32m[Make Homedelivery Cash Purchase]?[m  ?[0mMark purchase 'ready' 62bcd8cc4e5bc51a062a611b
?[m?[1m INFO?[m ?[0m01:57:017?[m [inPool-1-worker-3] ?[32m[Make Homedelivery Cash Purchase]?[m  ?[0mSet purchase 62bcd8cc4e5bc51a062a611b status to production
?[m?[1m INFO?[m ?[0m01:57:017?[m [inPool-1-worker-3] ?[32m[Make Homedelivery Cash Purchase]?[m  ?[0m  -> POST https://restaurant-api.development.dev.woltapi.com/v1/opstools/purchases/62bcd8cc4e5bc51a062a611b/production
?[m?[1m INFO?[m ?[0m01:57:017?[m [inPool-1-worker-3] ?[32m[Make Homedelivery Cash Purchase]?[m  ?[0m  <- 204  POST https://restaurant-api.development.dev.woltapi.com/v1/opstools/purchases/62bcd8cc4e5bc51a062a611b/production (523ms -1-byte body)
?[m?[1m INFO?[m ?[0m01:57:017?[m [inPool-1-worker-3] ?[32m[Make Homedelivery Cash Purchase]?[m  ?[0mSet purchase 62bcd8cc4e5bc51a062a611b status to ready
?[m?[1m INFO?[m ?[0m01:57:017?[m [inPool-1-worker-3] ?[32m[Make Homedelivery Cash Purchase]?[m  ?[0m  -> POST https://restaurant-api.development.dev.woltapi.com/v1/opstools/purchases/62bcd8cc4e5bc51a062a611b/ready
?[m?[1m INFO?[m ?[0m01:57:018?[m [inPool-1-worker-3] ?[32m[Make Homedelivery Cash Purchase]?[m  ?[0m  <- 204  POST https://restaurant-api.development.dev.woltapi.com/v1/opstools/purchases/62bcd8cc4e5bc51a062a611b/ready (402ms -1-byte body)
?[m?[1m INFO?[m ?[0m01:57:018?[m [inPool-1-worker-3] ?[32m[Make Homedelivery Cash Purchase]?[m  ?[0mPurchase ready! https://ops-tools.development.dev.woltapi.com/purchases/62bcd8cc4e5bc51a062a611b
?[m?[1m INFO?[m ?[0m01:57:018?[m [inPool-1-worker-3] ?[32m[Make Homedelivery Cash Purchase]?[m  ?[0mDeliver tasks for purchase 62bcd8cc4e5bc51a062a611b
?[m?[1m INFO?[m ?[0m01:57:018?[m [inPool-1-worker-3] ?[32m[Make Homedelivery Cash Purchase]?[m  ?[0mdeliverHangingTasksIfAny
?[m?[1m INFO?[m ?[0m01:57:018?[m [inPool-1-worker-3] ?[32m[Make Homedelivery Cash Purchase]?[m  ?[0mgetOngoingTasks
?[m?[1m INFO?[m ?[0m01:57:018?[m [inPool-1-worker-3] ?[32m[Make Homedelivery Cash Purchase]?[m  ?[0m  -> GET https://courier-api.development.dev.woltapi.com/courier-api/poll
?[m?[1m INFO?[m ?[0m01:57:018?[m [inPool-1-worker-3] ?[32m[Make Homedelivery Cash Purchase]?[m  ?[0m  <- 200  GET https://courier-api.development.dev.woltapi.com/courier-api/poll (208ms -1-byte body)
?[m?[1m INFO?[m ?[0m01:57:018?[m [inPool-1-worker-3] ?[32m[Make Homedelivery Cash Purchase]?[m  ?[0mpollForTasksByPurchaseId
?[m?[1m INFO?[m ?[0m01:57:018?[m [inPool-1-worker-3] ?[32m[Make Homedelivery Cash Purchase]?[m  ?[0mgetTasksByPurchase
?[m?[1m INFO?[m ?[0m01:57:018?[m [inPool-1-worker-3] ?[32m[Make Homedelivery Cash Purchase]?[m  ?[0m  -> GET https://opstools-api.development.dev.woltapi.com/ops-api/task_group/by_purchase_id/62bcd8cc4e5bc51a062a611b
?[m?[1m INFO?[m ?[0m01:57:018?[m [inPool-1-worker-3] ?[32m[Make Homedelivery Cash Purchase]?[m  ?[0m  <- 200  GET https://opstools-api.development.dev.woltapi.com/ops-api/task_group/by_purchase_id/62bcd8cc4e5bc51a062a611b (218ms -1-byte body)
?[m?[1m INFO?[m ?[0m01:57:018?[m [inPool-1-worker-3] ?[32m[Make Homedelivery Cash Purchase]?[m  ?[0mDelivering purchase task 110805
?[m?[1m INFO?[m ?[0m01:57:018?[m [inPool-1-worker-3] ?[32m[Make Homedelivery Cash Purchase]?[m  ?[0mstartTask 110805
?[m?[1m INFO?[m ?[0m01:57:018?[m [inPool-1-worker-3] ?[32m[Make Homedelivery Cash Purchase]?[m  ?[0m  -> PATCH https://courier-api.development.dev.woltapi.com/courier-api/tasks/110805/start
?[m?[1m INFO?[m ?[0m01:57:018?[m [inPool-1-worker-3] ?[32m[Make Homedelivery Cash Purchase]?[m  ?[0m  <- 200  PATCH https://courier-api.development.dev.woltapi.com/courier-api/tasks/110805/start (306ms -1-byte body)
?[m?[1m INFO?[m ?[0m01:57:018?[m [inPool-1-worker-3] ?[32m[Make Homedelivery Cash Purchase]?[m  ?[0mcompleteTask 110805
?[m?[1m INFO?[m ?[0m01:57:018?[m [inPool-1-worker-3] ?[32m[Make Homedelivery Cash Purchase]?[m  ?[0m  -> PUT https://courier-api.development.dev.woltapi.com/courier-api/tasks/110805/complete
?[m?[1m INFO?[m ?[0m01:57:019?[m [inPool-1-worker-3] ?[32m[Make Homedelivery Cash Purchase]?[m  ?[0m  <- 200  PUT https://courier-api.development.dev.woltapi.com/courier-api/tasks/110805/complete (261ms -1-byte body)
?[m?[1m INFO?[m ?[0m01:57:019?[m [inPool-1-worker-3] ?[32m[Make Homedelivery Cash Purchase]?[m  ?[0mDelivering purchase task 110806
?[m?[1m INFO?[m ?[0m01:57:019?[m [inPool-1-worker-3] ?[32m[Make Homedelivery Cash Purchase]?[m  ?[0mstartTask 110806
?[m?[1m INFO?[m ?[0m01:57:019?[m [inPool-1-worker-3] ?[32m[Make Homedelivery Cash Purchase]?[m  ?[0m  -> PATCH https://courier-api.development.dev.woltapi.com/courier-api/tasks/110806/start
?[m?[1m INFO?[m ?[0m01:57:019?[m [inPool-1-worker-3] ?[32m[Make Homedelivery Cash Purchase]?[m  ?[0m  <- 200  PATCH https://courier-api.development.dev.woltapi.com/courier-api/tasks/110806/start (330ms -1-byte body)
?[m?[1m INFO?[m ?[0m01:57:019?[m [inPool-1-worker-3] ?[32m[Make Homedelivery Cash Purchase]?[m  ?[0mcompleteTask 110806
?[m?[1m INFO?[m ?[0m01:57:019?[m [inPool-1-worker-3] ?[32m[Make Homedelivery Cash Purchase]?[m  ?[0m  -> PUT https://courier-api.development.dev.woltapi.com/courier-api/tasks/110806/complete
?[m?[1m INFO?[m ?[0m01:57:019?[m [inPool-1-worker-3] ?[32m[Make Homedelivery Cash Purchase]?[m  ?[0m  <- 200  PUT https://courier-api.development.dev.woltapi.com/courier-api/tasks/110806/complete (135ms -1-byte body)
?[m?[1m INFO?[m ?[0m01:57:019?[m [inPool-1-worker-3] ?[32m[Make Homedelivery Cash Purchase]?[m  ?[0mPurchase delivered! https://ops-tools.development.dev.woltapi.com/purchases/62bcd8cc4e5bc51a062a611b
?[m?[1m INFO?[m ?[0m01:57:019?[m [inPool-1-worker-3] ?[32m[Make Takeaway Purchase]?[m  ?[0mGet default card payment method of user User(kost+MLT_2706U_6Ze3VloFU@wolt.com)
?[m?[1m INFO?[m ?[0m01:57:019?[m [inPool-1-worker-3] ?[32m[Make Takeaway Purchase]?[m  ?[0mGet payment methods of user User(kost+MLT_2706U_6Ze3VloFU@wolt.com)
?[m?[1m INFO?[m ?[0m01:57:019?[m [inPool-1-worker-3] ?[32m[Make Takeaway Purchase]?[m  ?[0m  -> GET https://restaurant-api.development.dev.woltapi.com/v3/user/me/payment_methods
?[m?[1m INFO?[m ?[0m01:57:019?[m [inPool-1-worker-3] ?[32m[Make Takeaway Purchase]?[m  ?[0m  <- 200  GET https://restaurant-api.development.dev.woltapi.com/v3/user/me/payment_methods (186ms -1-byte body)
?[m?[1m INFO?[m ?[0m01:57:019?[m [inPool-1-worker-3] ?[32m[Make Takeaway Purchase]?[m  ?[0mMake takeaway purchase from venue 62b99324a1760b00e0157116. Paying with card
?[m?[1m INFO?[m ?[0m01:57:019?[m [er-4 @coroutine#9] ?[32m[Make Homedelivery Purchase]?[m  ?[0mGet venue 62b99324a1760b00e0157116 menu items
?[m?[1m INFO?[m ?[0m01:57:019?[m [er-4 @coroutine#9] ?[32m[Make Homedelivery Purchase]?[m  ?[0m  -> GET https://restaurant-api.development.dev.woltapi.com/v4/venues/62b99324a1760b00e0157116/menu
?[m?[1m INFO?[m ?[0m01:57:019?[m [er-4 @coroutine#9] ?[32m[Make Homedelivery Purchase]?[m  ?[0m  <- 200  GET https://restaurant-api.development.dev.woltapi.com/v4/venues/62b99324a1760b00e0157116/menu (169ms -1-byte body)
?[m?[1m INFO?[m ?[0m01:57:019?[m [inPool-1-worker-3] ?[32m[Make Takeaway Purchase]?[m  ?[0m  -> POST https://restaurant-api.development.dev.woltapi.com/v2/purchases
?[m?[1m INFO?[m ?[0m01:57:021?[m [inPool-1-worker-3] ?[32m[Make Takeaway Purchase]?[m  ?[0m  <- 200  POST https://restaurant-api.development.dev.woltapi.com/v2/purchases (1080ms -1-byte body)
?[m?[1m INFO?[m ?[0m01:57:021?[m [inPool-1-worker-3] ?[32m[Make Takeaway Purchase]?[m  ?[0mMark purchase 'delivered' 62bcd8d058ce7d53b69d6653
?[m?[1m INFO?[m ?[0m01:57:021?[m [inPool-1-worker-3] ?[32m[Make Takeaway Purchase]?[m  ?[0mSet purchase 62bcd8d058ce7d53b69d6653 status to production
?[m?[1m INFO?[m ?[0m01:57:021?[m [inPool-1-worker-3] ?[32m[Make Takeaway Purchase]?[m  ?[0m  -> POST https://restaurant-api.development.dev.woltapi.com/v1/opstools/purchases/62bcd8d058ce7d53b69d6653/production
?[m?[1m INFO?[m ?[0m01:57:021?[m [inPool-1-worker-3] ?[32m[Make Takeaway Purchase]?[m  ?[0m  <- 204  POST https://restaurant-api.development.dev.woltapi.com/v1/opstools/purchases/62bcd8d058ce7d53b69d6653/production (496ms -1-byte body)
?[m?[1m INFO?[m ?[0m01:57:021?[m [inPool-1-worker-3] ?[32m[Make Takeaway Purchase]?[m  ?[0mSet purchase 62bcd8d058ce7d53b69d6653 status to delivered
?[m?[1m INFO?[m ?[0m01:57:021?[m [inPool-1-worker-3] ?[32m[Make Takeaway Purchase]?[m  ?[0m  -> POST https://restaurant-api.development.dev.woltapi.com/v1/opstools/purchases/62bcd8d058ce7d53b69d6653/delivered
?[m?[1m INFO?[m ?[0m01:57:023?[m [inPool-1-worker-3] ?[32m[Make Takeaway Purchase]?[m  ?[0m  <- 204  POST https://restaurant-api.development.dev.woltapi.com/v1/opstools/purchases/62bcd8d058ce7d53b69d6653/delivered (1679ms -1-byte body)
?[m?[1m INFO?[m ?[0m01:57:023?[m [inPool-1-worker-3] ?[32m[Make Takeaway Purchase]?[m  ?[0mPurchase done! https://ops-tools.development.dev.woltapi.com/purchases/62bcd8d058ce7d53b69d6653
?[m]]></system-out>
  <system-err><![CDATA[]]></system-err>
</testsuite>
